Dec 13 15:35:23 MacBookAir com.apple.CoreSimulator.simctl[24722] <Error>: Unable to deliver request ({
	    "developer_dir" = "/Applications/Xcode.app/Contents/Developer";
	    request = "set_developer_dir";
	}) because we are not connected to CoreSimulatorService.
Dec 13 15:35:23 MacBookAir com.apple.CoreSimulator.simctl[24722] <Warning>: Unable to discover any Simulator runtimes. Developer Directory is /Applications/Xcode.app/Contents/Developer.
Dec 13 15:35:23 MacBookAir com.apple.CoreSimulator.simctl[24722] <Error>: Could not kickstart simdiskimaged; SimDiskImageManager services will not be available: Error Domain=NSPOSIXErrorDomain Code=53 "Software caused connection abort" UserInfo={NSLocalizedDescription=Error returned in reply from CoreSimulatorService: Connection invalid}
Dec 13 15:35:23 MacBookAir com.apple.CoreSimulator.simctl[24722] <Error>: Could not get list of trusted mount directories: Error Domain=com.apple.CoreSimulator.SimError Code=409 "Cannot talk to the service used to manage runtime disk images (simdiskimaged) because its launchd job is not registered or was unloaded" UserInfo={NSLocalizedDescription=Cannot talk to the service used to manage runtime disk images (simdiskimaged) because its launchd job is not registered or was unloaded}
Dec 13 15:35:23 MacBookAir com.apple.CoreSimulator.simctl[24722] <Error>: simdiskimaged connection is currently unavailable because connection became invalid
Dec 13 15:35:23 MacBookAir com.apple.CoreSimulator.simctl[24722] <Error>: simdiskimaged connection is currently unavailable because connection became invalid
Dec 13 15:35:23 MacBookAir com.apple.CoreSimulator.simctl[24722] <Error>: Unable to deliver request ({
	    request = "notification_subscription";
	    "set_path" = "/Users/adriannawenz/Library/Developer/CoreSimulator/Devices";
	}) because we are not connected to CoreSimulatorService.
Dec 13 15:35:24 MacBookAir com.apple.CoreSimulator.simctl[24729] <Error>: Unable to deliver request ({
	    "developer_dir" = "/Applications/Xcode.app/Contents/Developer";
	    request = "set_developer_dir";
	}) because we are not connected to CoreSimulatorService.
Dec 13 15:35:24 MacBookAir com.apple.CoreSimulator.simctl[24729] <Warning>: Unable to discover any Simulator runtimes. Developer Directory is /Applications/Xcode.app/Contents/Developer.
Dec 13 15:35:24 MacBookAir com.apple.CoreSimulator.simctl[24729] <Error>: Could not kickstart simdiskimaged; SimDiskImageManager services will not be available: Error Domain=NSPOSIXErrorDomain Code=53 "Software caused connection abort" UserInfo={NSLocalizedDescription=Error returned in reply from CoreSimulatorService: Connection invalid}
Dec 13 15:35:24 MacBookAir com.apple.CoreSimulator.simctl[24729] <Error>: Unable to deliver request ({
	    request = "notification_subscription";
	    "set_path" = "/Users/adriannawenz/Library/Developer/CoreSimulator/Devices";
	}) because we are not connected to CoreSimulatorService.
Dec 13 15:35:24 MacBookAir com.apple.CoreSimulator.simctl[24729] <Error>: simdiskimaged returned error (invalid), marking disconnected.
Dec 13 15:35:24 MacBookAir com.apple.CoreSimulator.simctl[24729] <Error>: simdiskimaged returned error (invalid), marking disconnected.
Dec 13 15:35:24 MacBookAir com.apple.CoreSimulator.simctl[24729] <Error>: Could not get list of trusted mount directories: Error Domain=com.apple.CoreSimulator.SimError Code=410 "The service used to manage runtime disk images (simdiskimaged) crashed or is not responding" UserInfo={NSLocalizedDescription=The service used to manage runtime disk images (simdiskimaged) crashed or is not responding}
